created virtual environment CPython3.8.10.final.0-64 in 7396ms
  creator CPython3Posix(dest=/localscratch/yinan.9185446.0/env, clear=False, global=False)
  seeder FromAppData(download=False, pip=latest, setuptools=latest, wheel=latest, via=copy, app_data_dir=/home/yinan/.local/share/virtualenv/seed-app-data/v1.0.1)
  activators BashActivator,CShellActivator,FishActivator,PowerShellActivator,PythonActivator,XonshActivator
Ignoring pip: markers 'python_version < "3"' don't match your environment
Looking in links: /cvmfs/soft.computecanada.ca/custom/python/wheelhouse/gentoo/avx2, /cvmfs/soft.computecanada.ca/custom/python/wheelhouse/gentoo/generic, /cvmfs/soft.computecanada.ca/custom/python/wheelhouse/generic
Processing /cvmfs/soft.computecanada.ca/custom/python/wheelhouse/generic/google-3.0.0+computecanada-py2.py3-none-any.whl
Collecting beautifulsoup4
  Using cached beautifulsoup4-4.9.3-py3-none-any.whl (115 kB)
Collecting soupsieve>1.2; python_version >= "3.0"
  Using cached soupsieve-2.2.1-py3-none-any.whl (33 kB)
Installing collected packages: soupsieve, beautifulsoup4, google
Successfully installed beautifulsoup4-4.9.3 google-3.0.0+computecanada soupsieve-2.2.1
Ignoring pip: markers 'python_version < "3"' don't match your environment
Looking in links: /cvmfs/soft.computecanada.ca/custom/python/wheelhouse/gentoo/avx2, /cvmfs/soft.computecanada.ca/custom/python/wheelhouse/gentoo/generic, /cvmfs/soft.computecanada.ca/custom/python/wheelhouse/generic
Processing /cvmfs/soft.computecanada.ca/custom/python/wheelhouse/generic/openpyxl-3.0.7+computecanada-py2.py3-none-any.whl
Collecting et-xmlfile
  Using cached et_xmlfile-1.1.0-py3-none-any.whl (4.7 kB)
Installing collected packages: et-xmlfile, openpyxl
Successfully installed et-xmlfile-1.1.0 openpyxl-3.0.7+computecanada
Starting Task 114
Succeed 0001 : War Pigs
Succeed 0002 : Miracle
Succeed 0003 : Everybody Needs Love
Succeed 0004 : Into The Fire
Succeed 0005 : You've Got The Love
Succeed 0006 : It's A Miracle
Succeed 0007 : With Love
Succeed 0008 : White Honey
Succeed 0009 : Lost Cause
Succeed 0010 : Love For Sale
Saved json/lyric_114.json:  10
